Using pre-set license
Built from '2020.2/staging' branch; Version is '2020.2.5f1 (e2c53f129de5) revision 14861631'; Using compiler version '192528614'; Build Type 'Release'
OS: 'Windows 10 Pro; OS build 19042.985; Version 2009; 64bit' Language: 'de' Physical Memory: 65445 MB
BatchMode: 1, IsHumanControllingUs: 0, StartBugReporterOnCrash: 0, Is64bit: 1, IsPro: 0

 COMMAND LINE ARGUMENTS:
C:\Program Files\Unity\Hub\Editor\2020.2.5f1\Editor\Unity.exe
-adb2
-batchMode
-noUpm
-name
AssetImportWorker0
-projectPath
D:/Git/sensoricFramework/sensoricFramework
-logFile
Logs/AssetImportWorker0.log
-srvPort
51565
Successfully changed project path to: D:/Git/sensoricFramework/sensoricFramework
D:/Git/sensoricFramework/sensoricFramework
Using Asset Import Pipeline V2.
Refreshing native plugins compatible for Editor in 156.03 ms, found 4 plugins.
Preloading 0 native plugins for Editor in 0.00 ms.
Initialize engine version: 2020.2.5f1 (e2c53f129de5)
[Subsystems] Discovering subsystems at path C:/Program Files/Unity/Hub/Editor/2020.2.5f1/Editor/Data/Resources/UnitySubsystems
[Subsystems] Discovering subsystems at path D:/Git/sensoricFramework/sensoricFramework/Assets
GfxDevice: creating device client; threaded=0
Direct3D:
    Version:  Direct3D 11.0 [level 11.1]
    Renderer: NVIDIA GeForce GTX 1080 Ti (ID=0x1b06)
    Vendor:   
    VRAM:     11127 MB
    Driver:   27.21.14.6627
Initialize mono
Mono path[0] = 'C:/Program Files/Unity/Hub/Editor/2020.2.5f1/Editor/Data/Managed'
Mono path[1] = 'C:/Program Files/Unity/Hub/Editor/2020.2.5f1/Editor/Data/MonoBleedingEdge/lib/mono/unityjit'
Mono config path = 'C:/Program Files/Unity/Hub/Editor/2020.2.5f1/Editor/Data/MonoBleedingEdge/etc'
Using monoOptions --debugger-agent=transport=dt_socket,embedding=1,server=y,suspend=n,address=127.0.0.1:56948
Begin MonoManager ReloadAssembly
Registering precompiled unity dll's ...
Register platform support module: C:/Program Files/Unity/Hub/Editor/2020.2.5f1/Editor/Data/PlaybackEngines/WindowsStandaloneSupport/UnityEditor.WindowsStandalone.Extensions.dll
Registered in 0.010701 seconds.
Native extension for WindowsStandalone target not found
Refreshing native plugins compatible for Editor in 62.10 ms, found 4 plugins.
Preloading 0 native plugins for Editor in 0.00 ms.
Invoked RoslynAnalysisRunner static constructor.
RoslynAnalysisRunner will not be running.
RoslynAnalysisRunner has terminated.
Mono: successfully reloaded assembly
- Completed reload, in  2.296 seconds
Platform modules already initialized, skipping
Registering precompiled user dll's ...
Registered in 0.006794 seconds.
Begin MonoManager ReloadAssembly
Native extension for WindowsStandalone target not found
Refreshing native plugins compatible for Editor in 0.85 ms, found 4 plugins.
Preloading 0 native plugins for Editor in 0.00 ms.
Invoked RoslynAnalysisRunner static constructor.
RoslynAnalysisRunner will not be running.
RoslynAnalysisRunner has terminated.
Mono: successfully reloaded assembly
- Completed reload, in  1.864 seconds
Platform modules already initialized, skipping
========================================================================
Worker process is ready to serve import requests
Launched and connected shader compiler UnityShaderCompiler.exe after 0.31 seconds
Refreshing native plugins compatible for Editor in 0.94 ms, found 4 plugins.
Preloading 0 native plugins for Editor in 0.00 ms.
Unloading 1534 Unused Serialized files (Serialized files now loaded: 0)
System memory in use before: 73.3 MB.
System memory in use after: 73.4 MB.

Unloading 21 unused Assets to reduce memory usage. Loaded Objects now: 1975.
Total: 2.793400 ms (FindLiveObjects: 0.178800 ms CreateObjectMapping: 0.066100 ms MarkObjects: 2.400300 ms  DeleteObjects: 0.145700 ms)

========================================================================
Received Import Request.
  path: Assets/sensoricFramework/Plugins/Bhaptics/SDK/Plugins/x86
  artifactKey: Guid(5f7c2c38b1409774a811c1a2e013d4c5) Importer(815301076,1909f56bfc062723c751e8b465ee728b)
Start importing Assets/sensoricFramework/Plugins/Bhaptics/SDK/Plugins/x86 using Guid(5f7c2c38b1409774a811c1a2e013d4c5) Importer(815301076,1909f56bfc062723c751e8b465ee728b)  -> (artifact id: '3a44fd442d17d164fdf88734387fb0cd') in 0.049589 seconds
  Import took 0.089265 seconds .

========================================================================
Received Import Request.
  Time since last request: 0.033232 seconds.
  path: Assets/sensoricFramework/Plugins/Bhaptics/SDK/Plugins/x86/haptic_library.dll
  artifactKey: Guid(5ee726e99e377864092d9e7e5ee0eee0) Importer(815301076,1909f56bfc062723c751e8b465ee728b)
Start importing Assets/sensoricFramework/Plugins/Bhaptics/SDK/Plugins/x86/haptic_library.dll using Guid(5ee726e99e377864092d9e7e5ee0eee0) Importer(815301076,1909f56bfc062723c751e8b465ee728b)  -> (artifact id: '41383716fb3fc731f36b00ca43415b31') in 0.124874 seconds
  Import took 0.154186 seconds .

